[INFO ] 2020-04-07 00:51:38.019 [main] BaseClass - *****************Open Browser Successfully************************
[INFO ] 2020-04-07 00:51:38.672 [main] BaseClass - *****************login completed************************
[INFO ] 2020-04-07 00:51:39.535 [main] BaseClass - ****************************** click on retrive Data from Excel ******************************
[INFO ] 2020-04-07 00:51:40.348 [main] BaseClass - ****************************** click on ProjectAndCustomer link ******************************
[INFO ] 2020-04-07 00:51:40.704 [main] BaseClass - ****************************** click on  addNewCustomer Button  ******************************
[INFO ] 2020-04-07 00:51:40.844 [main] BaseClass - ****************************** click on  enter customer Name ******************************
[INFO ] 2020-04-07 00:51:41.249 [main] BaseClass - ****************************** click on Createcustomer Button ******************************
[INFO ] 2020-04-07 00:51:41.301 [main] BaseClass - ****************************** click on retrive message ******************************
[INFO ] 2020-04-07 00:51:41.581 [main] BaseClass - *****************logout successfully************************
[INFO ] 2020-04-07 00:51:41.743 [main] BaseClass - *****************Close Browser************************
[INFO ] 2020-04-07 00:51:48.756 [main] BaseClass - *****************Open Browser Successfully************************
[INFO ] 2020-04-07 00:51:49.063 [main] BaseClass - *****************login completed************************
[INFO ] 2020-04-07 00:51:49.157 [main] BaseClass - ****************************** click on retrive Data from Excel ******************************
[INFO ] 2020-04-07 00:51:50.051 [main] BaseClass - ****************************** click on ProjectAndCustomer link ******************************
[INFO ] 2020-04-07 00:51:50.434 [main] BaseClass - ***************************** click on  addNewCustomer Button  ******************************
[INFO ] 2020-04-07 00:51:50.634 [main] BaseClass - ****************************** click on  select Customer Name ******************************
[INFO ] 2020-04-07 00:51:50.759 [main] BaseClass - ****************************** click on  enter project Name ******************************
[INFO ] 2020-04-07 00:51:51.481 [main] BaseClass - ****************************** click on Createcustomer Button ******************************
[INFO ] 2020-04-07 00:51:51.528 [main] BaseClass - ****************************** click on retrive message ******************************
[INFO ] 2020-04-07 00:51:52.226 [main] BaseClass - *****************logout successfully************************
[INFO ] 2020-04-07 00:51:52.607 [main] BaseClass - *****************Close Browser************************
[INFO ] 2020-04-07 16:17:18.665 [main] BaseClass - *****************Open Browser Successfully************************
[INFO ] 2020-04-07 16:17:24.268 [main] BaseClass - *****************login completed************************
[INFO ] 2020-04-07 16:17:29.613 [main] BaseClass - ****************************** click on retrive Data from Excel ******************************
[INFO ] 2020-04-07 16:17:34.762 [main] BaseClass - ****************************** click on ProjectAndCustomer link ******************************
[INFO ] 2020-04-07 16:18:06.290 [main] BaseClass - *****************logout successfully************************
[INFO ] 2020-04-07 16:18:06.658 [main] BaseClass - *****************Close Browser************************
[INFO ] 2020-04-07 16:18:13.811 [main] BaseClass - *****************Open Browser Successfully************************
[INFO ] 2020-04-07 16:18:19.263 [main] BaseClass - *****************login completed************************
[INFO ] 2020-04-07 16:18:19.324 [main] BaseClass - ****************************** click on retrive Data from Excel ******************************
[INFO ] 2020-04-07 16:18:25.151 [main] BaseClass - ****************************** click on ProjectAndCustomer link ******************************
[INFO ] 2020-04-07 16:18:55.740 [main] BaseClass - *****************logout successfully************************
[INFO ] 2020-04-07 16:18:55.816 [main] BaseClass - *****************Close Browser************************
[INFO ] 2020-04-07 16:19:31.285 [main] BaseClass - *****************Open Browser Successfully************************
[INFO ] 2020-04-07 16:19:31.537 [main] BaseClass - *****************login completed************************
[INFO ] 2020-04-07 16:19:32.075 [main] BaseClass - ****************************** click on retrive Data from Excel ******************************
[INFO ] 2020-04-07 16:19:33.016 [main] BaseClass - ****************************** click on ProjectAndCustomer link ******************************
[INFO ] 2020-04-07 16:19:33.356 [main] BaseClass - ****************************** click on  addNewCustomer Button  ******************************
[INFO ] 2020-04-07 16:19:33.445 [main] BaseClass - ****************************** click on  enter customer Name ******************************
[INFO ] 2020-04-07 16:19:33.707 [main] BaseClass - ****************************** click on Createcustomer Button ******************************
[INFO ] 2020-04-07 16:19:33.744 [main] BaseClass - ****************************** click on retrive message ******************************
[INFO ] 2020-04-07 16:19:33.890 [main] BaseClass - *****************logout successfully************************
[INFO ] 2020-04-07 16:19:33.971 [main] BaseClass - *****************Close Browser************************
[INFO ] 2020-04-07 16:19:40.292 [main] BaseClass - *****************Open Browser Successfully************************
[INFO ] 2020-04-07 16:19:40.477 [main] BaseClass - *****************login completed************************
[INFO ] 2020-04-07 16:19:40.534 [main] BaseClass - ****************************** click on retrive Data from Excel ******************************
[INFO ] 2020-04-07 16:19:41.618 [main] BaseClass - ****************************** click on ProjectAndCustomer link ******************************
[INFO ] 2020-04-07 16:19:41.963 [main] BaseClass - ***************************** click on  addNewCustomer Button  ******************************
[INFO ] 2020-04-07 16:19:42.127 [main] BaseClass - ****************************** click on  select Customer Name ******************************
[INFO ] 2020-04-07 16:19:42.324 [main] BaseClass - ****************************** click on  enter project Name ******************************
[INFO ] 2020-04-07 16:19:42.613 [main] BaseClass - ****************************** click on Createcustomer Button ******************************
[INFO ] 2020-04-07 16:19:42.640 [main] BaseClass - ****************************** click on retrive message ******************************
[INFO ] 2020-04-07 16:19:42.892 [main] BaseClass - *****************logout successfully************************
[INFO ] 2020-04-07 16:19:43.059 [main] BaseClass - *****************Close Browser************************
[INFO ] 2020-04-07 16:38:53.277 [main] BaseClass - *****************Open Browser Successfully************************
[INFO ] 2020-04-07 16:38:53.792 [main] BaseClass - *****************login completed************************
[INFO ] 2020-04-07 16:38:54.139 [main] BaseClass - ****************************** click on retrive Data from Excel ******************************
[INFO ] 2020-04-07 16:38:54.386 [main] BaseClass - ****************************** click on ProjectAndCustomer link ******************************
[INFO ] 2020-04-07 16:38:54.672 [main] BaseClass - ****************************** click on  addNewCustomer Button  ******************************
[INFO ] 2020-04-07 16:38:54.751 [main] BaseClass - ****************************** click on  enter customer Name ******************************
[INFO ] 2020-04-07 16:38:55.097 [main] BaseClass - ****************************** click on Createcustomer Button ******************************
[INFO ] 2020-04-07 16:39:25.849 [main] BaseClass - *****************logout successfully************************
[INFO ] 2020-04-07 16:39:30.196 [main] BaseClass - *****************Close Browser************************
[INFO ] 2020-04-07 16:39:36.697 [main] BaseClass - *****************Open Browser Successfully************************
[INFO ] 2020-04-07 16:39:36.914 [main] BaseClass - *****************login completed************************
[INFO ] 2020-04-07 16:39:36.970 [main] BaseClass - ****************************** click on retrive Data from Excel ******************************
[INFO ] 2020-04-07 16:39:37.600 [main] BaseClass - ****************************** click on ProjectAndCustomer link ******************************
[INFO ] 2020-04-07 16:39:37.847 [main] BaseClass - ***************************** click on  addNewCustomer Button  ******************************
[INFO ] 2020-04-07 16:39:37.973 [main] BaseClass - ****************************** click on  select Customer Name ******************************
[INFO ] 2020-04-07 16:39:38.049 [main] BaseClass - ****************************** click on  enter project Name ******************************
[INFO ] 2020-04-07 16:39:38.239 [main] BaseClass - ****************************** click on Createcustomer Button ******************************
[INFO ] 2020-04-07 16:40:08.697 [main] BaseClass - *****************logout successfully************************
[INFO ] 2020-04-07 16:40:08.763 [main] BaseClass - *****************Close Browser************************
[INFO ] 2020-04-07 16:53:16.952 [main] BaseClass - *****************Open Browser Successfully************************
[INFO ] 2020-04-07 16:53:22.128 [main] BaseClass - *****************login completed************************
[INFO ] 2020-04-07 16:53:22.785 [main] BaseClass - ****************************** click on retrive Data from Excel ******************************
[INFO ] 2020-04-07 16:53:28.198 [main] BaseClass - ****************************** click on ProjectAndCustomer link ******************************
[INFO ] 2020-04-07 16:53:59.572 [main] BaseClass - *****************logout successfully************************
[INFO ] 2020-04-07 16:54:03.648 [main] BaseClass - *****************Close Browser************************
[INFO ] 2020-04-07 16:54:10.080 [main] BaseClass - *****************Open Browser Successfully************************
[INFO ] 2020-04-07 16:54:10.333 [main] BaseClass - *****************login completed************************
[INFO ] 2020-04-07 16:54:10.386 [main] BaseClass - ****************************** click on retrive Data from Excel ******************************
[INFO ] 2020-04-07 16:54:10.978 [main] BaseClass - ****************************** click on ProjectAndCustomer link ******************************
[INFO ] 2020-04-07 16:54:11.226 [main] BaseClass - ***************************** click on  addNewCustomer Button  ******************************
[INFO ] 2020-04-07 16:54:41.895 [main] BaseClass - *****************logout successfully************************
[INFO ] 2020-04-07 16:54:45.970 [main] BaseClass - *****************Close Browser************************
[INFO ] 2020-04-07 16:55:12.571 [main] BaseClass - *****************Open Browser Successfully************************
[INFO ] 2020-04-07 16:55:12.831 [main] BaseClass - *****************login completed************************
[INFO ] 2020-04-07 16:55:13.388 [main] BaseClass - ****************************** click on retrive Data from Excel ******************************
[INFO ] 2020-04-07 16:55:13.705 [main] BaseClass - ****************************** click on ProjectAndCustomer link ******************************
[INFO ] 2020-04-07 16:55:14.064 [main] BaseClass - ****************************** click on  addNewCustomer Button  ******************************
[INFO ] 2020-04-07 16:55:14.136 [main] BaseClass - ****************************** click on  enter customer Name ******************************
[INFO ] 2020-04-07 16:55:14.579 [main] BaseClass - ****************************** click on Createcustomer Button ******************************
[INFO ] 2020-04-07 16:55:14.616 [main] BaseClass - ****************************** click on retrive message ******************************
[INFO ] 2020-04-07 16:55:15.034 [main] BaseClass - *****************logout successfully************************
[INFO ] 2020-04-07 16:55:15.149 [main] BaseClass - *****************Close Browser************************
[INFO ] 2020-04-07 16:55:21.387 [main] BaseClass - *****************Open Browser Successfully************************
[INFO ] 2020-04-07 16:55:21.616 [main] BaseClass - *****************login completed************************
[INFO ] 2020-04-07 16:55:21.682 [main] BaseClass - ****************************** click on retrive Data from Excel ******************************
[INFO ] 2020-04-07 16:55:22.466 [main] BaseClass - ****************************** click on ProjectAndCustomer link ******************************
[INFO ] 2020-04-07 16:55:22.774 [main] BaseClass - ***************************** click on  addNewCustomer Button  ******************************
[INFO ] 2020-04-07 16:55:22.875 [main] BaseClass - ****************************** click on  select Customer Name ******************************
[INFO ] 2020-04-07 16:55:22.953 [main] BaseClass - ****************************** click on  enter project Name ******************************
[INFO ] 2020-04-07 16:55:23.205 [main] BaseClass - ****************************** click on Createcustomer Button ******************************
[INFO ] 2020-04-07 16:55:23.245 [main] BaseClass - ****************************** click on retrive message ******************************
[INFO ] 2020-04-07 16:55:23.403 [main] BaseClass - *****************logout successfully************************
[INFO ] 2020-04-07 16:55:23.472 [main] BaseClass - *****************Close Browser************************
[INFO ] 2020-04-07 20:35:49.424 [main] BaseClass - *****************Open Browser Successfully************************
[INFO ] 2020-04-07 20:35:51.833 [main] BaseClass - *****************login completed************************
[INFO ] 2020-04-07 20:36:01.011 [main] BaseClass - ****************************** click on retrive Data from Excel ******************************
[INFO ] 2020-04-07 20:36:11.301 [main] BaseClass - ****************************** click on ProjectAndCustomer link ******************************
[INFO ] 2020-04-07 20:36:16.317 [main] BaseClass - ****************************** click on  addNewCustomer Button  ******************************
[INFO ] 2020-04-07 20:36:16.493 [main] BaseClass - ****************************** click on  enter customer Name ******************************
[INFO ] 2020-04-07 20:36:17.109 [main] BaseClass - ****************************** click on Createcustomer Button ******************************
[INFO ] 2020-04-07 20:36:17.317 [main] BaseClass - ****************************** click on retrive message ******************************
[INFO ] 2020-04-07 20:36:18.000 [main] BaseClass - *****************logout successfully************************
[INFO ] 2020-04-07 20:36:18.777 [main] BaseClass - *****************Close Browser************************
[INFO ] 2020-04-07 20:36:30.266 [main] BaseClass - *****************Open Browser Successfully************************
[INFO ] 2020-04-07 20:36:30.529 [main] BaseClass - *****************login completed************************
[INFO ] 2020-04-07 20:36:30.776 [main] BaseClass - ****************************** click on retrive Data from Excel ******************************
[INFO ] 2020-04-07 20:36:33.593 [main] BaseClass - ****************************** click on ProjectAndCustomer link ******************************
[INFO ] 2020-04-07 20:36:35.292 [main] BaseClass - ***************************** click on  addNewCustomer Button  ******************************
[INFO ] 2020-04-07 20:36:35.578 [main] BaseClass - ****************************** click on  select Customer Name ******************************
[INFO ] 2020-04-07 20:36:35.711 [main] BaseClass - ****************************** click on  enter project Name ******************************
[INFO ] 2020-04-07 20:36:36.574 [main] BaseClass - ****************************** click on Createcustomer Button ******************************
[INFO ] 2020-04-07 20:36:36.605 [main] BaseClass - ****************************** click on retrive message ******************************
[INFO ] 2020-04-07 20:36:37.041 [main] BaseClass - *****************logout successfully************************
[INFO ] 2020-04-07 20:36:37.102 [main] BaseClass - *****************Close Browser************************
[INFO ] 2020-04-07 21:01:57.677 [main] BaseClass - *****************Open Browser Successfully************************
[INFO ] 2020-04-07 21:02:25.089 [main] BaseClass - *****************login completed************************
[INFO ] 2020-04-07 21:02:28.287 [main] BaseClass - ****************************** click on retrive Data from Excel ******************************
[INFO ] 2020-04-07 21:02:36.528 [main] BaseClass - ****************************** click on ProjectAndCustomer link ******************************
[INFO ] 2020-04-07 21:05:53.930 [main] BaseClass - *****************logout successfully************************
[INFO ] 2020-04-07 21:05:58.247 [main] BaseClass - *****************Close Browser************************
[INFO ] 2020-04-07 21:06:05.888 [main] BaseClass - *****************Open Browser Successfully************************
[INFO ] 2020-04-07 21:06:06.054 [main] BaseClass - *****************login completed************************
[INFO ] 2020-04-07 21:06:06.178 [main] BaseClass - ****************************** click on retrive Data from Excel ******************************
[INFO ] 2020-04-07 21:06:06.825 [main] BaseClass - ****************************** click on ProjectAndCustomer link ******************************
[INFO ] 2020-04-07 21:06:07.127 [main] BaseClass - ***************************** click on  addNewCustomer Button  ******************************
[INFO ] 2020-04-07 21:06:07.404 [main] BaseClass - ****************************** click on  select Customer Name ******************************
[INFO ] 2020-04-07 21:06:07.496 [main] BaseClass - ****************************** click on  enter project Name ******************************
[INFO ] 2020-04-07 21:06:07.693 [main] BaseClass - ****************************** click on Createcustomer Button ******************************
[INFO ] 2020-04-07 21:06:38.057 [main] BaseClass - *****************logout successfully************************
[INFO ] 2020-04-07 21:06:38.099 [main] BaseClass - *****************Close Browser************************
[INFO ] 2020-04-07 21:09:02.255 [main] BaseClass - *****************Open Browser Successfully************************
[INFO ] 2020-04-07 21:09:02.450 [main] BaseClass - *****************login completed************************
[INFO ] 2020-04-07 21:09:02.843 [main] BaseClass - ****************************** click on retrive Data from Excel ******************************
[INFO ] 2020-04-07 21:09:04.270 [main] BaseClass - ****************************** click on ProjectAndCustomer link ******************************
[INFO ] 2020-04-07 21:09:04.442 [main] BaseClass - ****************************** click on  addNewCustomer Button  ******************************
[INFO ] 2020-04-07 21:09:04.505 [main] BaseClass - ****************************** click on  enter customer Name ******************************
[INFO ] 2020-04-07 21:09:04.871 [main] BaseClass - ****************************** click on Createcustomer Button ******************************
[INFO ] 2020-04-07 21:09:04.916 [main] BaseClass - ****************************** click on retrive message ******************************
[INFO ] 2020-04-07 21:09:05.050 [main] BaseClass - *****************logout successfully************************
[INFO ] 2020-04-07 21:09:05.097 [main] BaseClass - *****************Close Browser************************
[INFO ] 2020-04-07 21:09:12.915 [main] BaseClass - *****************Open Browser Successfully************************
[INFO ] 2020-04-07 21:09:34.712 [main] BaseClass - *****************login completed************************
[INFO ] 2020-04-07 21:09:34.759 [main] BaseClass - ****************************** click on retrive Data from Excel ******************************
[INFO ] 2020-04-07 21:09:43.085 [main] BaseClass - ****************************** click on ProjectAndCustomer link ******************************
[INFO ] 2020-04-07 21:11:48.685 [main] BaseClass - *****************logout successfully************************
[INFO ] 2020-04-07 21:11:48.727 [main] BaseClass - *****************Close Browser************************
[INFO ] 2020-04-07 21:20:12.851 [main] BaseClass - *****************Open Browser Successfully************************
[INFO ] 2020-04-07 21:20:13.055 [main] BaseClass - *****************login completed************************
[INFO ] 2020-04-07 21:20:13.433 [main] BaseClass - ****************************** click on retrive Data from Excel ******************************
[INFO ] 2020-04-07 21:20:15.535 [main] BaseClass - ****************************** click on ProjectAndCustomer link ******************************
[INFO ] 2020-04-07 21:20:16.479 [main] BaseClass - ****************************** click on  addNewCustomer Button  ******************************
[INFO ] 2020-04-07 21:20:16.547 [main] BaseClass - ****************************** click on  enter customer Name ******************************
[INFO ] 2020-04-07 21:20:16.988 [main] BaseClass - ****************************** click on Createcustomer Button ******************************
[INFO ] 2020-04-07 21:20:17.014 [main] BaseClass - ****************************** click on retrive message ******************************
[INFO ] 2020-04-07 21:20:17.403 [main] BaseClass - *****************logout successfully************************
[INFO ] 2020-04-07 21:20:17.450 [main] BaseClass - *****************Close Browser************************
[INFO ] 2020-04-07 21:20:26.036 [main] BaseClass - *****************Open Browser Successfully************************
[INFO ] 2020-04-07 21:20:48.128 [main] BaseClass - *****************login completed************************
[INFO ] 2020-04-07 21:20:48.178 [main] BaseClass - ****************************** click on retrive Data from Excel ******************************
[INFO ] 2020-04-07 21:20:51.660 [main] BaseClass - ****************************** click on ProjectAndCustomer link ******************************
[INFO ] 2020-04-07 21:20:51.883 [main] BaseClass - ***************************** click on  addNewCustomer Button  ******************************
[INFO ] 2020-04-07 21:20:51.972 [main] BaseClass - ****************************** click on  select Customer Name ******************************
[INFO ] 2020-04-07 21:20:52.029 [main] BaseClass - ****************************** click on  enter project Name ******************************
[INFO ] 2020-04-07 21:20:52.300 [main] BaseClass - ****************************** click on Createcustomer Button ******************************
[INFO ] 2020-04-07 21:20:52.329 [main] BaseClass - ****************************** click on retrive message ******************************
[INFO ] 2020-04-07 21:20:52.439 [main] BaseClass - *****************logout successfully************************
[INFO ] 2020-04-07 21:20:52.481 [main] BaseClass - *****************Close Browser************************
[INFO ] 2020-04-08 00:05:22.551 [main] BaseClass - *****************Open Browser Successfully************************
[INFO ] 2020-04-08 00:05:48.175 [main] BaseClass - *****************login completed************************
[INFO ] 2020-04-08 00:05:49.853 [main] BaseClass - ****************************** click on retrive Data from Excel ******************************
[INFO ] 2020-04-08 00:05:58.569 [main] BaseClass - ****************************** click on ProjectAndCustomer link ******************************
[INFO ] 2020-04-08 00:07:14.320 [main] BaseClass - *****************logout successfully************************
[INFO ] 2020-04-08 00:07:14.527 [main] BaseClass - *****************Close Browser************************
[INFO ] 2020-04-08 00:07:22.910 [main] BaseClass - *****************Open Browser Successfully************************
[INFO ] 2020-04-08 00:07:23.159 [main] BaseClass - *****************login completed************************
[INFO ] 2020-04-08 00:07:23.291 [main] BaseClass - ****************************** click on retrive Data from Excel ******************************
[INFO ] 2020-04-08 00:07:23.742 [main] BaseClass - ****************************** click on ProjectAndCustomer link ******************************
[INFO ] 2020-04-08 00:07:23.973 [main] BaseClass - ***************************** click on  addNewCustomer Button  ******************************
[INFO ] 2020-04-08 00:07:24.175 [main] BaseClass - ****************************** click on  select Customer Name ******************************
[INFO ] 2020-04-08 00:07:24.290 [main] BaseClass - ****************************** click on  enter project Name ******************************
[INFO ] 2020-04-08 00:07:24.602 [main] BaseClass - ****************************** click on Createcustomer Button ******************************
[INFO ] 2020-04-08 00:07:55.046 [main] BaseClass - *****************logout successfully************************
[INFO ] 2020-04-08 00:07:55.102 [main] BaseClass - *****************Close Browser************************
